<?xml version="1.0" encoding="UTF-8"?>
<testng-results ignored="0" total="3" passed="3" failed="0" skipped="0">
  <reporter-output>
  </reporter-output>
  <suite started-at="2025-10-29T16:39:41 IST" name="Suite" finished-at="2025-10-29T16:40:07 IST" duration-ms="25957">
    <groups>
      <group name="cucumber">
        <method signature="AbstractTestNGCucumberTests.runScenario(io.cucumber.testng.PickleWrapper,io.cucumber.testng.FeatureWrapper)[pri:0, instance:Com.Gmail.Runner.TestRunner2@6db9f5a4]" name="runScenario" class="io.cucumber.testng.AbstractTestNGCucumberTests"/>
      </group> <!-- cucumber -->
    </groups>
    <test started-at="2025-10-29T16:39:41 IST" name="Test" finished-at="2025-10-29T16:40:07 IST" duration-ms="25957">
      <class name="Com.Gmail.Runner.TestRunner2">
        <test-method is-config="true" signature="setUpClass(org.testng.ITestContext)[pri:0, instance:Com.Gmail.Runner.TestRunner2@6db9f5a4]" started-at="2025-10-29T16:39:41 IST" name="setUpClass" finished-at="2025-10-29T16:39:43 IST" duration-ms="1168" status="PASS">
          <params>
            <param index="0">
              <value>
                <![CDATA[org.testng.TestRunner@2fb25f4c]]>
              </value>
            </param>
          </params>
          <reporter-output>
          </reporter-output>
        </test-method> <!-- setUpClass -->
        <test-method signature="runScenario(io.cucumber.testng.PickleWrapper,io.cucumber.testng.FeatureWrapper)[pri:0, instance:Com.Gmail.Runner.TestRunner2@6db9f5a4]" started-at="2025-10-29T16:39:43 IST" name="runScenario" description="Runs Cucumber Scenarios" data-provider="scenarios" finished-at="2025-10-29T16:39:50 IST" duration-ms="7302" status="PASS">
          <params>
            <param index="0">
              <value>
                <![CDATA["Logintable using correct username and correct password"]]>
              </value>
            </param>
            <param index="1">
              <value>
                <![CDATA["logintable"]]>
              </value>
            </param>
          </params>
          <reporter-output>
          </reporter-output>
        </test-method> <!-- runScenario -->
        <test-method signature="runScenario(io.cucumber.testng.PickleWrapper,io.cucumber.testng.FeatureWrapper)[pri:0, instance:Com.Gmail.Runner.TestRunner2@6db9f5a4]" started-at="2025-10-29T16:39:50 IST" name="runScenario" description="Runs Cucumber Scenarios" data-provider="scenarios" finished-at="2025-10-29T16:39:56 IST" duration-ms="6283" status="PASS">
          <params>
            <param index="0">
              <value>
                <![CDATA["Logintable using correct username and correct password"]]>
              </value>
            </param>
            <param index="1">
              <value>
                <![CDATA["logintable"]]>
              </value>
            </param>
          </params>
          <reporter-output>
          </reporter-output>
        </test-method> <!-- runScenario -->
        <test-method signature="runScenario(io.cucumber.testng.PickleWrapper,io.cucumber.testng.FeatureWrapper)[pri:0, instance:Com.Gmail.Runner.TestRunner2@6db9f5a4]" started-at="2025-10-29T16:39:56 IST" name="runScenario" description="Runs Cucumber Scenarios" data-provider="scenarios" finished-at="2025-10-29T16:40:07 IST" duration-ms="10602" status="PASS">
          <params>
            <param index="0">
              <value>
                <![CDATA["Logintable using correct username and correct password"]]>
              </value>
            </param>
            <param index="1">
              <value>
                <![CDATA["logintable"]]>
              </value>
            </param>
          </params>
          <reporter-output>
          </reporter-output>
        </test-method> <!-- runScenario -->
        <test-method is-config="true" signature="tearDownClass()[pri:0, instance:Com.Gmail.Runner.TestRunner2@6db9f5a4]" started-at="2025-10-29T16:40:07 IST" name="tearDownClass" finished-at="2025-10-29T16:40:07 IST" duration-ms="514" status="PASS">
          <reporter-output>
          </reporter-output>
        </test-method> <!-- tearDownClass -->
      </class> <!-- Com.Gmail.Runner.TestRunner2 -->
    </test> <!-- Test -->
  </suite> <!-- Suite -->
</testng-results>
